mode: set
belanjayukid_go/repositories/product.go:22.46,23.18 1 0
belanjayukid_go/repositories/product.go:29.2,29.20 1 0
belanjayukid_go/repositories/product.go:23.18,25.3 1 0
belanjayukid_go/repositories/product.go:25.7,27.3 1 0
belanjayukid_go/repositories/product.go:33.71,36.22 3 0
belanjayukid_go/repositories/product.go:40.2,42.25 2 0
belanjayukid_go/repositories/product.go:36.22,38.3 1 0
belanjayukid_go/repositories/product.go:45.135,48.21 3 0
belanjayukid_go/repositories/product.go:51.2,51.27 1 0
belanjayukid_go/repositories/product.go:48.21,50.3 1 0
belanjayukid_go/repositories/product.go:54.81,57.2 2 0
belanjayukid_go/repositories/product.go:59.81,61.2 1 0
belanjayukid_go/repositories/productunit.go:16.55,17.18 1 0
belanjayukid_go/repositories/productunit.go:23.2,23.24 1 0
belanjayukid_go/repositories/productunit.go:17.18,19.3 1 0
belanjayukid_go/repositories/productunit.go:19.8,21.3 1 0
belanjayukid_go/repositories/productunit.go:26.140,29.22 3 1
belanjayukid_go/repositories/productunit.go:33.2,33.33 1 1
belanjayukid_go/repositories/productunit.go:29.22,31.3 1 0
belanjayukid_go/repositories/productunit.go:36.98,39.22 3 1
belanjayukid_go/repositories/productunit.go:43.2,43.29 1 1
belanjayukid_go/repositories/productunit.go:39.22,41.3 1 0
belanjayukid_go/repositories/transaction.go:29.55,30.18 1 0
belanjayukid_go/repositories/transaction.go:36.2,36.24 1 0
belanjayukid_go/repositories/transaction.go:30.18,32.3 1 0
belanjayukid_go/repositories/transaction.go:32.8,34.3 1 0
belanjayukid_go/repositories/transaction.go:39.88,41.196 2 0
belanjayukid_go/repositories/transaction.go:44.2,44.25 1 0
belanjayukid_go/repositories/transaction.go:41.196,43.3 1 0
belanjayukid_go/repositories/transaction.go:47.99,54.2 2 0
belanjayukid_go/repositories/transaction.go:56.95,59.2 2 0
belanjayukid_go/repositories/transaction.go:62.115,65.2 2 0
belanjayukid_go/repositories/transaction.go:68.99,71.22 3 0
belanjayukid_go/repositories/transaction.go:75.2,75.25 1 0
belanjayukid_go/repositories/transaction.go:71.22,73.3 1 0
belanjayukid_go/repositories/transaction.go:78.128,81.22 3 0
belanjayukid_go/repositories/transaction.go:84.2,84.32 1 0
belanjayukid_go/repositories/transaction.go:81.22,83.3 1 0
belanjayukid_go/repositories/transaction.go:87.119,90.26 2 0
belanjayukid_go/repositories/transaction.go:93.2,93.19 1 0
belanjayukid_go/repositories/transaction.go:97.2,99.22 3 0
belanjayukid_go/repositories/transaction.go:103.2,103.26 1 0
belanjayukid_go/repositories/transaction.go:90.26,92.3 1 0
belanjayukid_go/repositories/transaction.go:93.19,95.3 1 0
belanjayukid_go/repositories/transaction.go:99.22,101.3 1 0
belanjayukid_go/repositories/transaction.go:106.95,108.2 1 0
belanjayukid_go/repositories/transaction.go:110.71,112.2 1 0
belanjayukid_go/repositories/transaction.go:114.77,116.2 1 0
belanjayukid_go/repositories/user.go:21.41,22.18 1 0
belanjayukid_go/repositories/user.go:27.2,27.17 1 0
belanjayukid_go/repositories/user.go:22.18,24.3 1 0
belanjayukid_go/repositories/user.go:24.8,26.3 1 0
belanjayukid_go/repositories/user.go:30.98,32.74 2 1
belanjayukid_go/repositories/user.go:36.2,36.26 1 1
belanjayukid_go/repositories/user.go:32.74,35.3 1 0
belanjayukid_go/repositories/user.go:39.91,42.34 3 1
belanjayukid_go/repositories/user.go:46.2,46.18 1 1
belanjayukid_go/repositories/user.go:42.34,45.3 1 0
belanjayukid_go/repositories/user.go:49.93,52.34 3 1
belanjayukid_go/repositories/user.go:56.2,56.18 1 1
belanjayukid_go/repositories/user.go:52.34,55.3 1 0
belanjayukid_go/repositories/user.go:59.81,60.82 1 0
belanjayukid_go/repositories/user.go:64.2,64.18 1 0
belanjayukid_go/repositories/user.go:60.82,63.3 1 0
belanjayukid_go/repositories/user.go:67.64,69.2 1 1
belanjayukid_go/repositories/user.go:71.66,73.2 1 1
belanjayukid_go/repositories/base.go:9.88,10.43 1 1
belanjayukid_go/repositories/base.go:13.2,13.19 1 1
belanjayukid_go/repositories/base.go:10.43,12.3 1 1
belanjayukid_go/repositories/base.go:16.55,22.2 5 0
belanjayukid_go/repositories/category.go:16.49,17.18 1 0
belanjayukid_go/repositories/category.go:23.2,23.21 1 0
belanjayukid_go/repositories/category.go:17.18,19.3 1 0
belanjayukid_go/repositories/category.go:19.8,21.3 1 0
belanjayukid_go/repositories/category.go:26.122,29.22 3 1
belanjayukid_go/repositories/category.go:33.2,33.30 1 1
belanjayukid_go/repositories/category.go:29.22,31.3 1 0
belanjayukid_go/repositories/category.go:36.87,39.22 3 1
belanjayukid_go/repositories/category.go:43.2,43.26 1 1
belanjayukid_go/repositories/category.go:39.22,41.3 1 0
belanjayukid_go/repositories/postgres.go:28.28,30.16 2 0
belanjayukid_go/repositories/postgres.go:33.2,33.16 1 0
belanjayukid_go/repositories/postgres.go:36.2,37.16 2 0
belanjayukid_go/repositories/postgres.go:40.2,41.16 2 0
belanjayukid_go/repositories/postgres.go:44.2,45.16 2 0
belanjayukid_go/repositories/postgres.go:49.2,49.15 1 0
belanjayukid_go/repositories/postgres.go:53.2,54.16 2 0
belanjayukid_go/repositories/postgres.go:58.2,59.16 2 0
belanjayukid_go/repositories/postgres.go:63.2,64.12 2 0
belanjayukid_go/repositories/postgres.go:30.16,31.31 1 0
belanjayukid_go/repositories/postgres.go:33.16,34.31 1 0
belanjayukid_go/repositories/postgres.go:37.16,38.31 1 0
belanjayukid_go/repositories/postgres.go:41.16,42.31 1 0
belanjayukid_go/repositories/postgres.go:45.16,46.31 1 0
belanjayukid_go/repositories/postgres.go:49.15,51.3 1 0
belanjayukid_go/repositories/postgres.go:54.16,56.3 1 0
belanjayukid_go/repositories/postgres.go:59.16,61.3 1 0
belanjayukid_go/repositories/postgres.go:67.30,68.84 1 0
belanjayukid_go/repositories/postgres.go:71.2,82.12 3 0
belanjayukid_go/repositories/postgres.go:68.84,70.3 1 0
belanjayukid_go/repositories/postgres.go:85.88,90.16 3 0
belanjayukid_go/repositories/postgres.go:93.2,96.16 4 0
belanjayukid_go/repositories/postgres.go:99.2,102.70 4 0
belanjayukid_go/repositories/postgres.go:90.16,92.3 1 0
belanjayukid_go/repositories/postgres.go:96.16,97.21 1 0
belanjayukid_go/repositories/postgres.go:105.25,113.2 2 0
belanjayukid_go/repositories/postgres.go:115.28,118.2 2 0
belanjayukid_go/repositories/postgres.go:120.26,123.2 2 0
